<?xml version="1.0" encoding="UTF-8"?>
<!-- Generated by org.testng.reporters.JUnitXMLReporter -->
<testsuite ignored="3" hostname="Sign0ret-msi-alpha15" failures="0" tests="4" name="NegativeTests" time="0.041" errors="0" timestamp="2025-04-28T18:05:04 CST">
  <testcase classname="com.example.BankAccountTest" name="assureInitialBalance" time="0.005"/>
  <testcase classname="com.example.BankAccountTest" name="testDepositNegativeAmount" time="0.001"/>
  <testcase classname="com.example.BankAccountTest" name="testWithdrawInsufficientFunds" time="0.001"/>
  <testcase classname="com.example.BankAccountTest" name="testWithdrawNegativeAmount" time="0.001"/>
  <testcase classname="com.example.BankAccountTest" name="testWithdraw" time="0.0">
    <ignored/>
  </testcase> <!-- testWithdraw -->
  <testcase classname="com.example.BankAccountTest" name="testDeposit" time="0.0">
    <ignored/>
  </testcase> <!-- testDeposit -->
  <testcase classname="com.example.BankAccountTest" name="testDepositWithDataProvider" time="0.0">
    <ignored/>
  </testcase> <!-- testDepositWithDataProvider -->
</testsuite> <!-- NegativeTests -->
